outputs/logs/manifest-merger-debug-report.txt
-- Merging decision tree log ---
manifest
ADDED from src\main\AndroidManifest.xml:2:1-128:12
INJECTED from src\main\AndroidManifest.xml:2:1-128:12
INJECTED from src\main\AndroidManifest.xml:2:1-128:12
INJECTED from src\main\AndroidManifest.xml:2:1-128:12
MERGED from [com.google.android.material:material:1.6.1] AndroidManifest.xml:17:1-26:12
MERGED from [androidx.constraintlayout:constraintlayout:2.1.4] AndroidManifest.xml:2:1-11:12
MERGED from [androidx.appcompat:appcompat-resources:1.5.1] AndroidManifest.xml:17:1-22:12
MERGED from [androidx.appcompat:appcompat:1.5.1] AndroidManifest.xml:17:1-22:12
MERGED from [com.google.firebase:firebase-auth:21.1.0] AndroidManifest.xml:17:1-73:12
MERGED from [com.google.firebase:firebase-database:20.1.0] AndroidManifest.xml:15:1-37:12
MERGED from [com.google.firebase:firebase-storage:20.1.0] AndroidManifest.xml:15:1-38:12
MERGED from [com.squareup.picasso:picasso:2.71828] AndroidManifest.xml:2:1-14:12
MERGED from [androidx.viewpager2:viewpager2:1.0.0] AndroidManifest.xml:17:1-24:12
MERGED from [com.google.android.gms:play-services-auth-api-phone:17.4.0] AndroidManifest.xml:2:1-7:12
MERGED from [com.google.android.gms:play-services-safetynet:17.0.0] AndroidManifest.xml:17:1-24:12
MERGED from [com.google.firebase:firebase-auth-interop:20.0.0] AndroidManifest.xml:2:1-10:12
MERGED from [com.google.firebase:firebase-appcheck-interop:16.1.0] AndroidManifest.xml:15:1-25:12
MERGED from [com.google.firebase:firebase-common:20.2.0] AndroidManifest.xml:15:1-39:12
MERGED from [com.google.firebase:firebase-database-collection:18.0.1] AndroidManifest.xml:2:1-9:12
MERGED from [com.google.android.gms:play-services-base:18.0.1] AndroidManifest.xml:16:1-24:12
MERGED from [com.google.android.gms:play-services-tasks:18.0.1] AndroidManifest.xml:2:1-6:12
MERGED from [com.google.android.gms:play-services-basement:18.1.0] AndroidManifest.xml:16:1-26:12
MERGED from [androidx.fragment:fragment:1.3.6] AndroidManifest.xml:17:1-24:12
MERGED from [androidx.activity:activity:1.5.1] AndroidManifest.xml:17:1-24:12
MERGED from [androidx.dynamicanimation:dynamicanimation:1.0.0] AndroidManifest.xml:17:1-22:12
MERGED from [androidx.legacy:legacy-support-core-utils:1.0.0] AndroidManifest.xml:17:1-22:12
MERGED from [androidx.loader:loader:1.0.0] AndroidManifest.xml:17:1-22:12
MERGED from [androidx.lifecycle:lifecycle-viewmodel:2.5.1] AndroidManifest.xml:17:1-24:12
MERGED from [androidx.lifecycle:lifecycle-viewmodel-savedstate:2.5.1] AndroidManifest.xml:17:1-24:12
MERGED from [androidx.core:core-ktx:1.8.0] AndroidManifest.xml:2:1-9:12
MERGED from [androidx.emoji2:emoji2-views-helper:1.2.0] AndroidManifest.xml:2:1-7:12
MERGED from [androidx.emoji2:emoji2:1.2.0] AndroidManifest.xml:17:1-35:12
MERGED from [androidx.drawerlayout:drawerlayout:1.1.1] AndroidManifest.xml:17:1-24:12
MERGED from [androidx.coordinatorlayout:coordinatorlayout:1.1.0] AndroidManifest.xml:17:1-24:12
MERGED from [androidx.transition:transition:1.2.0] AndroidManifest.xml:17:1-24:12
MERGED from [androidx.vectordrawable:vectordrawable-animated:1.1.0] AndroidManifest.xml:17:1-24:12
MERGED from [androidx.vectordrawable:vectordrawable:1.1.0] AndroidManifest.xml:17:1-24:12
MERGED from [androidx.browser:browser:1.4.0] AndroidManifest.xml:17:1-24:12
MERGED from [androidx.viewpager:viewpager:1.0.0] AndroidManifest.xml:17:1-22:12
MERGED from [androidx.recyclerview:recyclerview:1.1.0] AndroidManifest.xml:17:1-24:12
MERGED from [androidx.customview:customview:1.1.0] AndroidManifest.xml:17:1-24:12
MERGED from [androidx.core:core:1.8.0] AndroidManifest.xml:17:1-26:12
MERGED from [androidx.cursoradapter:cursoradapter:1.0.0] AndroidManifest.xml:17:1-22:12
MERGED from [androidx.lifecycle:lifecycle-process:2.4.1] AndroidManifest.xml:17:1-37:12
MERGED from [androidx.lifecycle:lifecycle-runtime:2.5.1] AndroidManifest.xml:17:1-24:12
MERGED from [androidx.savedstate:savedstate:1.2.0] AndroidManifest.xml:17:1-24:12
MERGED from [androidx.cardview:cardview:1.0.0] AndroidManifest.xml:17:1-22:12
MERGED from [androidx.localbroadcastmanager:localbroadcastmanager:1.0.0] AndroidManifest.xml:17:1-22:12
MERGED from [com.google.firebase:firebase-components:17.0.1] AndroidManifest.xml:15:1-23:12
MERGED from [androidx.startup:startup-runtime:1.1.1] AndroidManifest.xml:17:1-33:12
MERGED from [androidx.tracing:tracing:1.0.0] AndroidManifest.xml:17:1-24:12
MERGED from [androidx.versionedparcelable:versionedparcelable:1.1.1] AndroidManifest.xml:17:1-27:12
MERGED from [androidx.lifecycle:lifecycle-livedata:2.0.0] AndroidManifest.xml:17:1-22:12
MERGED from [androidx.lifecycle:lifecycle-livedata-core:2.5.1] AndroidManifest.xml:17:1-24:12
MERGED from [androidx.arch.core:core-runtime:2.1.0] AndroidManifest.xml:17:1-24:12
MERGED from [androidx.interpolator:interpolator:1.0.0] AndroidManifest.xml:17:1-22:12
MERGED from [androidx.documentfile:documentfile:1.0.0] AndroidManifest.xml:17:1-22:12
MERGED from [androidx.print:print:1.0.0] AndroidManifest.xml:17:1-22:12
MERGED from [androidx.annotation:annotation-experimental:1.1.0] AndroidManifest.xml:17:1-24:12
MERGED from [com.android.support:exifinterface:27.1.0] AndroidManifest.xml:17:1-22:12
INJECTED from src\main\AndroidManifest.xml:2:1-128:12
INJECTED from src\main\AndroidManifest.xml:2:1-128:12
INJECTED from src\main\AndroidManifest.xml:2:1-128:12
	package
		INJECTED from src\main\AndroidManifest.xml
		ADDED from src\main\AndroidManifest.xml:2:1-128:12
		INJECTED from src\main\AndroidManifest.xml
	android:versionName
		INJECTED from src\main\AndroidManifest.xml
		ADDED from src\main\AndroidManifest.xml:2:1-128:12
		INJECTED from src\main\AndroidManifest.xml
	xmlns:tools
		ADDED from src\main\AndroidManifest.xml:3:5-51
	android:versionCode
		INJECTED from src\main\AndroidManifest.xml
		ADDED from src\main\AndroidManifest.xml:2:1-128:12
		INJECTED from src\main\AndroidManifest.xml
	xmlns:android
		ADDED from src\main\AndroidManifest.xml:2:11-69
application
ADDED from src\main\AndroidManifest.xml:5:5-126:19
MERGED from [com.google.android.material:material:1.6.1] AndroidManifest.xml:24:5-20
MERGED from [com.google.android.material:material:1.6.1] AndroidManifest.xml:24:5-20
MERGED from [androidx.constraintlayout:constraintlayout:2.1.4] AndroidManifest.xml:9:5-20
MERGED from [androidx.constraintlayout:constraintlayout:2.1.4] AndroidManifest.xml:9:5-20
MERGED from [com.google.firebase:firebase-auth:21.1.0] AndroidManifest.xml:26:5-71:19
MERGED from [com.google.firebase:firebase-auth:21.1.0] AndroidManifest.xml:26:5-71:19
MERGED from [com.google.firebase:firebase-database:20.1.0] AndroidManifest.xml:27:5-35:19
MERGED from [com.google.firebase:firebase-database:20.1.0] AndroidManifest.xml:27:5-35:19
MERGED from [com.google.firebase:firebase-storage:20.1.0] AndroidManifest.xml:28:5-36:19
MERGED from [com.google.firebase:firebase-storage:20.1.0] AndroidManifest.xml:28:5-36:19
MERGED from [com.squareup.picasso:picasso:2.71828] AndroidManifest.xml:7:5-12:19
MERGED from [com.squareup.picasso:picasso:2.71828] AndroidManifest.xml:7:5-12:19
MERGED from [com.google.android.gms:play-services-safetynet:17.0.0] AndroidManifest.xml:22:5-20
MERGED from [com.google.android.gms:play-services-safetynet:17.0.0] AndroidManifest.xml:22:5-20
MERGED from [com.google.firebase:firebase-auth-interop:20.0.0] AndroidManifest.xml:7:5-8:19
MERGED from [com.google.firebase:firebase-auth-interop:20.0.0] AndroidManifest.xml:7:5-8:19
MERGED from [com.google.firebase:firebase-appcheck-interop:16.1.0] AndroidManifest.xml:23:5-20
MERGED from [com.google.firebase:firebase-appcheck-interop:16.1.0] AndroidManifest.xml:23:5-20
MERGED from [com.google.firebase:firebase-common:20.2.0] AndroidManifest.xml:24:5-37:19
MERGED from [com.google.firebase:firebase-common:20.2.0] AndroidManifest.xml:24:5-37:19
MERGED from [com.google.android.gms:play-services-base:18.0.1] AndroidManifest.xml:19:5-23:19
MERGED from [com.google.android.gms:play-services-base:18.0.1] AndroidManifest.xml:19:5-23:19
MERGED from [com.google.android.gms:play-services-tasks:18.0.1] AndroidManifest.xml:5:5-20
MERGED from [com.google.android.gms:play-services-tasks:18.0.1] AndroidManifest.xml:5:5-20
MERGED from [com.google.android.gms:play-services-basement:18.1.0] AndroidManifest.xml:20:5-24:19
MERGED from [com.google.android.gms:play-services-basement:18.1.0] AndroidManifest.xml:20:5-24:19
MERGED from [androidx.emoji2:emoji2:1.2.0] AndroidManifest.xml:23:5-33:19
MERGED from [androidx.emoji2:emoji2:1.2.0] AndroidManifest.xml:23:5-33:19
MERGED from [androidx.core:core:1.8.0] AndroidManifest.xml:24:5-89
MERGED from [androidx.core:core:1.8.0] AndroidManifest.xml:24:5-89
MERGED from [androidx.lifecycle:lifecycle-process:2.4.1] AndroidManifest.xml:25:5-35:19
MERGED from [androidx.lifecycle:lifecycle-process:2.4.1] AndroidManifest.xml:25:5-35:19
MERGED from [androidx.startup:startup-runtime:1.1.1] AndroidManifest.xml:25:5-31:19
MERGED from [androidx.startup:startup-runtime:1.1.1] AndroidManifest.xml:25:5-31:19
MERGED from [androidx.versionedparcelable:versionedparcelable:1.1.1] AndroidManifest.xml:24:5-25:19
MERGED from [androidx.versionedparcelable:versionedparcelable:1.1.1] AndroidManifest.xml:24:5-25:19
	android:appComponentFactory
		ADDED from [androidx.core:core:1.8.0] AndroidManifest.xml:24:18-86
	android:supportsRtl
		ADDED from src\main\AndroidManifest.xml:12:9-35
	android:label
		ADDED from src\main\AndroidManifest.xml:10:9-41
	android:fullBackupContent
		ADDED from src\main\AndroidManifest.xml:8:9-54
	android:roundIcon
		ADDED from src\main\AndroidManifest.xml:11:9-54
	tools:targetApi
		ADDED from src\main\AndroidManifest.xml:14:9-29
	android:icon
		ADDED from src\main\AndroidManifest.xml:9:9-43
	android:allowBackup
		ADDED from src\main\AndroidManifest.xml:6:9-35
	android:theme
		ADDED from src\main\AndroidManifest.xml:13:9-52
	android:dataExtractionRules
		ADDED from src\main\AndroidManifest.xml:7:9-65
activity#com.example.flamezpizzaria.ManageFeedbacks
ADDED from src\main\AndroidManifest.xml:15:9-21:20
	android:exported
		ADDED from src\main\AndroidManifest.xml:17:13-37
	android:name
		ADDED from src\main\AndroidManifest.xml:16:13-44
meta-data#android.app.lib_name
ADDED from src\main\AndroidManifest.xml:18:13-20:36
	android:value
		ADDED from src\main\AndroidManifest.xml:20:17-33
	android:name
		ADDED from src\main\AndroidManifest.xml:19:17-52
activity#com.example.flamezpizzaria.AddFeedback
ADDED from src\main\AndroidManifest.xml:22:9-28:20
	android:exported
		ADDED from src\main\AndroidManifest.xml:24:13-37
	android:name
		ADDED from src\main\AndroidManifest.xml:23:13-40
activity#com.example.flamezpizzaria.AddCard
ADDED from src\main\AndroidManifest.xml:29:9-35:20
	android:exported
		ADDED from src\main\AndroidManifest.xml:31:13-37
	android:name
		ADDED from src\main\AndroidManifest.xml:30:13-36
activity#com.example.flamezpizzaria.CustomerAccountCard
ADDED from src\main\AndroidManifest.xml:36:9-42:20
	android:exported
		ADDED from src\main\AndroidManifest.xml:38:13-37
	android:name
		ADDED from src\main\AndroidManifest.xml:37:13-48
activity#com.example.flamezpizzaria.OrderedFoodList
ADDED from src\main\AndroidManifest.xml:43:9-49:20
	android:exported
		ADDED from src\main\AndroidManifest.xml:45:13-37
	android:name
		ADDED from src\main\AndroidManifest.xml:44:13-44
activity#com.example.flamezpizzaria.OrderList
ADDED from src\main\AndroidManifest.xml:50:9-56:20
	android:exported
		ADDED from src\main\AndroidManifest.xml:52:13-37
	android:name
		ADDED from src\main\AndroidManifest.xml:51:13-38
activity#com.example.flamezpizzaria.CustomerHome
ADDED from src\main\AndroidManifest.xml:57:9-63:20
	android:exported
		ADDED from src\main\AndroidManifest.xml:59:13-37
	android:name
		ADDED from src\main\AndroidManifest.xml:58:13-41
activity#com.example.flamezpizzaria.Register
ADDED from src\main\AndroidManifest.xml:64:9-70:20
	android:exported
		ADDED from src\main\AndroidManifest.xml:66:13-37
	android:name
		ADDED from src\main\AndroidManifest.xml:65:13-37
activity#com.example.flamezpizzaria.AddProduct
ADDED from src\main\AndroidManifest.xml:71:9-77:20
	android:exported
		ADDED from src\main\AndroidManifest.xml:73:13-37
	android:name
		ADDED from src\main\AndroidManifest.xml:72:13-39
activity#com.example.flamezpizzaria.ManageFood
ADDED from src\main\AndroidManifest.xml:78:9-84:20
	android:exported
		ADDED from src\main\AndroidManifest.xml:80:13-37
	android:name
		ADDED from src\main\AndroidManifest.xml:79:13-39
activity#com.example.flamezpizzaria.AdminHome
ADDED from src\main\AndroidManifest.xml:85:9-91:20
	android:exported
		ADDED from src\main\AndroidManifest.xml:87:13-37
	android:name
		ADDED from src\main\AndroidManifest.xml:86:13-38
activity#com.example.flamezpizzaria.AdminLogin
ADDED from src\main\AndroidManifest.xml:92:9-98:20
	android:exported
		ADDED from src\main\AndroidManifest.xml:94:13-37
	android:name
		ADDED from src\main\AndroidManifest.xml:93:13-39
activity#com.example.flamezpizzaria.Login
ADDED from src\main\AndroidManifest.xml:99:9-105:20
	android:exported
		ADDED from src\main\AndroidManifest.xml:101:13-37
	android:name
		ADDED from src\main\AndroidManifest.xml:100:13-34
activity#com.example.flamezpizzaria.ChooseActor
ADDED from src\main\AndroidManifest.xml:106:9-112:20
	android:exported
		ADDED from src\main\AndroidManifest.xml:108:13-37
	android:name
		ADDED from src\main\AndroidManifest.xml:107:13-40
activity#com.example.flamezpizzaria.MainActivity
ADDED from src\main\AndroidManifest.xml:113:9-125:20
	android:exported
		ADDED from src\main\AndroidManifest.xml:115:13-36
	android:name
		ADDED from src\main\AndroidManifest.xml:114:13-41
intent-filter#action:name:android.intent.action.MAIN+category:name:android.intent.category.LAUNCHER
ADDED from src\main\AndroidManifest.xml:116:13-120:29
action#android.intent.action.MAIN
ADDED from src\main\AndroidManifest.xml:117:17-69
	android:name
		ADDED from src\main\AndroidManifest.xml:117:25-66
category#android.intent.category.LAUNCHER
ADDED from src\main\AndroidManifest.xml:119:17-77
	android:name
		ADDED from src\main\AndroidManifest.xml:119:27-74
uses-sdk
INJECTED from src\main\AndroidManifest.xml reason: use-sdk injection requested
INJECTED from src\main\AndroidManifest.xml
INJECTED from src\main\AndroidManifest.xml
MERGED from [com.google.android.material:material:1.6.1] AndroidManifest.xml:20:5-22:41
MERGED from [com.google.android.material:material:1.6.1] AndroidManifest.xml:20:5-22:41
MERGED from [androidx.constraintlayout:constraintlayout:2.1.4] AndroidManifest.xml:5:5-7:41
MERGED from [androidx.constraintlayout:constraintlayout:2.1.4] AndroidManifest.xml:5:5-7:41
MERGED from [androidx.appcompat:appcompat-resources:1.5.1] AndroidManifest.xml:20:5-44
MERGED from [androidx.appcompat:appcompat-resources:1.5.1] AndroidManifest.xml:20:5-44
MERGED from [androidx.appcompat:appcompat:1.5.1] AndroidManifest.xml:20:5-44
MERGED from [androidx.appcompat:appcompat:1.5.1] AndroidManifest.xml:20:5-44
MERGED from [com.google.firebase:firebase-auth:21.1.0] AndroidManifest.xml:21:5-44
MERGED from [com.google.firebase:firebase-auth:21.1.0] AndroidManifest.xml:21:5-44
MERGED from [com.google.firebase:firebase-database:20.1.0] AndroidManifest.xml:18:5-20:41
MERGED from [com.google.firebase:firebase-database:20.1.0] AndroidManifest.xml:18:5-20:41
MERGED from [com.google.firebase:firebase-storage:20.1.0] AndroidManifest.xml:19:5-21:41
MERGED from [com.google.firebase:firebase-storage:20.1.0] AndroidManifest.xml:19:5-21:41
MERGED from [com.squareup.picasso:picasso:2.71828] AndroidManifest.xml:5:5-44
MERGED from [com.squareup.picasso:picasso:2.71828] AndroidManifest.xml:5:5-44
MERGED from [androidx.viewpager2:viewpager2:1.0.0] AndroidManifest.xml:20:5-22:41
MERGED from [androidx.viewpager2:viewpager2:1.0.0] AndroidManifest.xml:20:5-22:41
MERGED from [com.google.android.gms:play-services-auth-api-phone:17.4.0] AndroidManifest.xml:5:5-44
MERGED from [com.google.android.gms:play-services-auth-api-phone:17.4.0] AndroidManifest.xml:5:5-44
MERGED from [com.google.android.gms:play-services-safetynet:17.0.0] AndroidManifest.xml:20:5-44
MERGED from [com.google.android.gms:play-services-safetynet:17.0.0] AndroidManifest.xml:20:5-44
MERGED from [com.google.firebase:firebase-auth-interop:20.0.0] AndroidManifest.xml:5:5-44
MERGED from [com.google.firebase:firebase-auth-interop:20.0.0] AndroidManifest.xml:5:5-44
MERGED from [com.google.firebase:firebase-appcheck-interop:16.1.0] AndroidManifest.xml:18:5-20:41
MERGED from [com.google.firebase:firebase-appcheck-interop:16.1.0] AndroidManifest.xml:18:5-20:41
MERGED from [com.google.firebase:firebase-common:20.2.0] AndroidManifest.xml:19:5-21:41
MERGED from [com.google.firebase:firebase-common:20.2.0] AndroidManifest.xml:19:5-21:41
MERGED from [com.google.firebase:firebase-database-collection:18.0.1] AndroidManifest.xml:5:5-7:41
MERGED from [com.google.firebase:firebase-database-collection:18.0.1] AndroidManifest.xml:5:5-7:41
MERGED from [com.google.android.gms:play-services-base:18.0.1] AndroidManifest.xml:18:5-43
MERGED from [com.google.android.gms:play-services-base:18.0.1] AndroidManifest.xml:18:5-43
MERGED from [com.google.android.gms:play-services-tasks:18.0.1] AndroidManifest.xml:4:5-43
MERGED from [com.google.android.gms:play-services-tasks:18.0.1] AndroidManifest.xml:4:5-43
MERGED from [com.google.android.gms:play-services-basement:18.1.0] AndroidManifest.xml:18:5-43
MERGED from [com.google.android.gms:play-services-basement:18.1.0] AndroidManifest.xml:18:5-43
MERGED from [androidx.fragment:fragment:1.3.6] AndroidManifest.xml:20:5-22:41
MERGED from [androidx.fragment:fragment:1.3.6] AndroidManifest.xml:20:5-22:41
MERGED from [androidx.activity:activity:1.5.1] AndroidManifest.xml:20:5-22:41
MERGED from [androidx.activity:activity:1.5.1] AndroidManifest.xml:20:5-22:41
MERGED from [androidx.dynamicanimation:dynamicanimation:1.0.0] AndroidManifest.xml:20:5-44
MERGED from [androidx.dynamicanimation:dynamicanimation:1.0.0] AndroidManifest.xml:20:5-44
MERGED from [androidx.legacy:legacy-support-core-utils:1.0.0] AndroidManifest.xml:20:5-44
MERGED from [androidx.legacy:legacy-support-core-utils:1.0.0] AndroidManifest.xml:20:5-44
MERGED from [androidx.loader:loader:1.0.0] AndroidManifest.xml:20:5-44
MERGED from [androidx.loader:loader:1.0.0] AndroidManifest.xml:20:5-44
MERGED from [androidx.lifecycle:lifecycle-viewmodel:2.5.1] AndroidManifest.xml:20:5-22:41
MERGED from [androidx.lifecycle:lifecycle-viewmodel:2.5.1] AndroidManifest.xml:20:5-22:41
MERGED from [androidx.lifecycle:lifecycle-viewmodel-savedstate:2.5.1] AndroidManifest.xml:20:5-22:41
MERGED from [androidx.lifecycle:lifecycle-viewmodel-savedstate:2.5.1] AndroidManifest.xml:20:5-22:41
MERGED from [androidx.core:core-ktx:1.8.0] AndroidManifest.xml:5:5-7:41
MERGED from [androidx.core:core-ktx:1.8.0] AndroidManifest.xml:5:5-7:41
MERGED from [androidx.emoji2:emoji2-views-helper:1.2.0] AndroidManifest.xml:5:5-44
MERGED from [androidx.emoji2:emoji2-views-helper:1.2.0] AndroidManifest.xml:5:5-44
MERGED from [androidx.emoji2:emoji2:1.2.0] AndroidManifest.xml:21:5-44
MERGED from [androidx.emoji2:emoji2:1.2.0] AndroidManifest.xml:21:5-44
MERGED from [androidx.drawerlayout:drawerlayout:1.1.1] AndroidManifest.xml:20:5-22:41
MERGED from [androidx.drawerlayout:drawerlayout:1.1.1] AndroidManifest.xml:20:5-22:41
MERGED from [androidx.coordinatorlayout:coordinatorlayout:1.1.0] AndroidManifest.xml:20:5-22:41
MERGED from [androidx.coordinatorlayout:coordinatorlayout:1.1.0] AndroidManifest.xml:20:5-22:41
MERGED from [androidx.transition:transition:1.2.0] AndroidManifest.xml:20:5-22:41
MERGED from [androidx.transition:transition:1.2.0] AndroidManifest.xml:20:5-22:41
MERGED from [androidx.vectordrawable:vectordrawable-animated:1.1.0] AndroidManifest.xml:20:5-22:41
MERGED from [androidx.vectordrawable:vectordrawable-animated:1.1.0] AndroidManifest.xml:20:5-22:41
MERGED from [androidx.vectordrawable:vectordrawable:1.1.0] AndroidManifest.xml:20:5-22:41
MERGED from [androidx.vectordrawable:vectordrawable:1.1.0] AndroidManifest.xml:20:5-22:41
MERGED from [androidx.browser:browser:1.4.0] AndroidManifest.xml:20:5-22:41
MERGED from [androidx.browser:browser:1.4.0] AndroidManifest.xml:20:5-22:41
MERGED from [androidx.viewpager:viewpager:1.0.0] AndroidManifest.xml:20:5-44
MERGED from [androidx.viewpager:viewpager:1.0.0] AndroidManifest.xml:20:5-44
MERGED from [androidx.recyclerview:recyclerview:1.1.0] AndroidManifest.xml:20:5-22:41
MERGED from [androidx.recyclerview:recyclerview:1.1.0] AndroidManifest.xml:20:5-22:41
MERGED from [androidx.customview:customview:1.1.0] AndroidManifest.xml:20:5-22:41
MERGED from [androidx.customview:customview:1.1.0] AndroidManifest.xml:20:5-22:41
MERGED from [androidx.core:core:1.8.0] AndroidManifest.xml:20:5-22:41
MERGED from [androidx.core:core:1.8.0] AndroidManifest.xml:20:5-22:41
MERGED from [androidx.cursoradapter:cursoradapter:1.0.0] AndroidManifest.xml:20:5-44
MERGED from [androidx.cursoradapter:cursoradapter:1.0.0] AndroidManifest.xml:20:5-44
MERGED from [androidx.lifecycle:lifecycle-process:2.4.1] AndroidManifest.xml:21:5-23:41
MERGED from [androidx.lifecycle:lifecycle-process:2.4.1] AndroidManifest.xml:21:5-23:41
MERGED from [androidx.lifecycle:lifecycle-runtime:2.5.1] AndroidManifest.xml:20:5-22:41
MERGED from [androidx.lifecycle:lifecycle-runtime:2.5.1] AndroidManifest.xml:20:5-22:41
MERGED from [androidx.savedstate:savedstate:1.2.0] AndroidManifest.xml:20:5-22:41
MERGED from [androidx.savedstate:savedstate:1.2.0] AndroidManifest.xml:20:5-22:41
MERGED from [androidx.cardview:cardview:1.0.0] AndroidManifest.xml:20:5-44
MERGED from [androidx.cardview:cardview:1.0.0] AndroidManifest.xml:20:5-44
MERGED from [androidx.localbroadcastmanager:localbroadcastmanager:1.0.0] AndroidManifest.xml:20:5-44
MERGED from [androidx.localbroadcastmanager:localbroadcastmanager:1.0.0] AndroidManifest.xml:20:5-44
MERGED from [com.google.firebase:firebase-components:17.0.1] AndroidManifest.xml:19:5-21:41
MERGED from [com.google.firebase:firebase-components:17.0.1] AndroidManifest.xml:19:5-21:41
MERGED from [androidx.startup:startup-runtime:1.1.1] AndroidManifest.xml:21:5-23:41
MERGED from [androidx.startup:startup-runtime:1.1.1] AndroidManifest.xml:21:5-23:41
MERGED from [androidx.tracing:tracing:1.0.0] AndroidManifest.xml:20:5-22:41
MERGED from [androidx.tracing:tracing:1.0.0] AndroidManifest.xml:20:5-22:41
MERGED from [androidx.versionedparcelable:versionedparcelable:1.1.1] AndroidManifest.xml:20:5-22:41
MERGED from [androidx.versionedparcelable:versionedparcelable:1.1.1] AndroidManifest.xml:20:5-22:41
MERGED from [androidx.lifecycle:lifecycle-livedata:2.0.0] AndroidManifest.xml:20:5-44
MERGED from [androidx.lifecycle:lifecycle-livedata:2.0.0] AndroidManifest.xml:20:5-44
MERGED from [androidx.lifecycle:lifecycle-livedata-core:2.5.1] AndroidManifest.xml:20:5-22:41
MERGED from [androidx.lifecycle:lifecycle-livedata-core:2.5.1] AndroidManifest.xml:20:5-22:41
MERGED from [androidx.arch.core:core-runtime:2.1.0] AndroidManifest.xml:20:5-22:41
MERGED from [androidx.arch.core:core-runtime:2.1.0] AndroidManifest.xml:20:5-22:41
MERGED from [androidx.interpolator:interpolator:1.0.0] AndroidManifest.xml:20:5-44
MERGED from [androidx.interpolator:interpolator:1.0.0] AndroidManifest.xml:20:5-44
MERGED from [androidx.documentfile:documentfile:1.0.0] AndroidManifest.xml:20:5-44
MERGED from [androidx.documentfile:documentfile:1.0.0] AndroidManifest.xml:20:5-44
MERGED from [androidx.print:print:1.0.0] AndroidManifest.xml:20:5-44
MERGED from [androidx.print:print:1.0.0] AndroidManifest.xml:20:5-44
MERGED from [androidx.annotation:annotation-experimental:1.1.0] AndroidManifest.xml:20:5-22:41
MERGED from [androidx.annotation:annotation-experimental:1.1.0] AndroidManifest.xml:20:5-22:41
MERGED from [com.android.support:exifinterface:27.1.0] AndroidManifest.xml:20:5-44
MERGED from [com.android.support:exifinterface:27.1.0] AndroidManifest.xml:20:5-44
INJECTED from src\main\AndroidManifest.xml
INJECTED from src\main\AndroidManifest.xml
	android:targetSdkVersion
		INJECTED from src\main\AndroidManifest.xml
		ADDED from src\main\AndroidManifest.xml
		INJECTED from src\main\AndroidManifest.xml
	android:minSdkVersion
		INJECTED from src\main\AndroidManifest.xml
		ADDED from src\main\AndroidManifest.xml
		INJECTED from src\main\AndroidManifest.xml
uses-permission#android.permission.INTERNET
ADDED from [com.google.firebase:firebase-auth:21.1.0] AndroidManifest.xml:23:5-67
MERGED from [com.google.firebase:firebase-database:20.1.0] AndroidManifest.xml:25:5-67
MERGED from [com.google.firebase:firebase-database:20.1.0] AndroidManifest.xml:25:5-67
MERGED from [com.google.firebase:firebase-storage:20.1.0] AndroidManifest.xml:26:5-67
MERGED from [com.google.firebase:firebase-storage:20.1.0] AndroidManifest.xml:26:5-67
	android:name
		ADDED from [com.google.firebase:firebase-auth:21.1.0] AndroidManifest.xml:23:22-64
uses-permission#android.permission.ACCESS_NETWORK_STATE
ADDED from [com.google.firebase:firebase-auth:21.1.0] AndroidManifest.xml:24:5-79
MERGED from [com.google.firebase:firebase-database:20.1.0] AndroidManifest.xml:24:5-79
MERGED from [com.google.firebase:firebase-database:20.1.0] AndroidManifest.xml:24:5-79
MERGED from [com.google.firebase:firebase-storage:20.1.0] AndroidManifest.xml:25:5-79
MERGED from [com.google.firebase:firebase-storage:20.1.0] AndroidManifest.xml:25:5-79
	android:name
		ADDED from [com.google.firebase:firebase-auth:21.1.0] AndroidManifest.xml:24:22-76
activity#com.google.firebase.auth.internal.GenericIdpActivity
ADDED from [com.google.firebase:firebase-auth:21.1.0] AndroidManifest.xml:27:9-44:20
	android:excludeFromRecents
		ADDED from [com.google.firebase:firebase-auth:21.1.0] AndroidManifest.xml:29:13-46
	android:launchMode
		ADDED from [com.google.firebase:firebase-auth:21.1.0] AndroidManifest.xml:31:13-44
	android:exported
		ADDED from [com.google.firebase:firebase-auth:21.1.0] AndroidManifest.xml:30:13-36
	android:theme
		ADDED from [com.google.firebase:firebase-auth:21.1.0] AndroidManifest.xml:32:13-72
	android:name
		ADDED from [com.google.firebase:firebase-auth:21.1.0] AndroidManifest.xml:28:13-80
intent-filter#action:name:android.intent.action.VIEW+category:name:android.intent.category.BROWSABLE+category:name:android.intent.category.DEFAULT+data:host:firebase.auth+data:path:/+data:scheme:genericidp
ADDED from [com.google.firebase:firebase-auth:21.1.0] AndroidManifest.xml:33:13-43:29
action#android.intent.action.VIEW
ADDED from [com.google.firebase:firebase-auth:21.1.0] AndroidManifest.xml:34:17-69
	android:name
		ADDED from [com.google.firebase:firebase-auth:21.1.0] AndroidManifest.xml:34:25-66
category#android.intent.category.DEFAULT
ADDED from [com.google.firebase:firebase-auth:21.1.0] AndroidManifest.xml:36:17-76
	android:name
		ADDED from [com.google.firebase:firebase-auth:21.1.0] AndroidManifest.xml:36:27-73
category#android.intent.category.BROWSABLE
ADDED from [com.google.firebase:firebase-auth:21.1.0] AndroidManifest.xml:37:17-78
	android:name
		ADDED from [com.google.firebase:firebase-auth:21.1.0] AndroidManifest.xml:37:27-75
data
ADDED from [com.google.firebase:firebase-auth:21.1.0] AndroidManifest.xml:39:17-42:51
	android:path
		ADDED from [com.google.firebase:firebase-auth:21.1.0] AndroidManifest.xml:41:21-37
	android:host
		ADDED from [com.google.firebase:firebase-auth:21.1.0] AndroidManifest.xml:40:21-49
	android:scheme
		ADDED from [com.google.firebase:firebase-auth:21.1.0] AndroidManifest.xml:42:21-48
activity#com.google.firebase.auth.internal.RecaptchaActivity
ADDED from [com.google.firebase:firebase-auth:21.1.0] AndroidManifest.xml:45:9-62:20
	android:excludeFromRecents
		ADDED from [com.google.firebase:firebase-auth:21.1.0] AndroidManifest.xml:47:13-46
	android:launchMode
		ADDED from [com.google.firebase:firebase-auth:21.1.0] AndroidManifest.xml:49:13-44
	android:exported
		ADDED from [com.google.firebase:firebase-auth:21.1.0] AndroidManifest.xml:48:13-36
	android:theme
		ADDED from [com.google.firebase:firebase-auth:21.1.0] AndroidManifest.xml:50:13-72
	android:name
		ADDED from [com.google.firebase:firebase-auth:21.1.0] AndroidManifest.xml:46:13-79
intent-filter#action:name:android.intent.action.VIEW+category:name:android.intent.category.BROWSABLE+category:name:android.intent.category.DEFAULT+data:host:firebase.auth+data:path:/+data:scheme:recaptcha
ADDED from [com.google.firebase:firebase-auth:21.1.0] AndroidManifest.xml:51:13-61:29
service#com.google.firebase.components.ComponentDiscoveryService
ADDED from [com.google.firebase:firebase-auth:21.1.0] AndroidManifest.xml:64:9-70:19
MERGED from [com.google.firebase:firebase-database:20.1.0] AndroidManifest.xml:28:9-34:19
MERGED from [com.google.firebase:firebase-database:20.1.0] AndroidManifest.xml:28:9-34:19
MERGED from [com.google.firebase:firebase-storage:20.1.0] AndroidManifest.xml:29:9-35:19
MERGED from [com.google.firebase:firebase-storage:20.1.0] AndroidManifest.xml:29:9-35:19
MERGED from [com.google.firebase:firebase-common:20.2.0] AndroidManifest.xml:32:9-36:35
MERGED from [com.google.firebase:firebase-common:20.2.0] AndroidManifest.xml:32:9-36:35
	android:exported
		ADDED from [com.google.firebase:firebase-auth:21.1.0] AndroidManifest.xml:66:13-37
	tools:targetApi
		ADDED from [com.google.firebase:firebase-common:20.2.0] AndroidManifest.xml:36:13-32
	android:directBootAware
		ADDED from [com.google.firebase:firebase-common:20.2.0] AndroidManifest.xml:34:13-43
	android:name
		ADDED from [com.google.firebase:firebase-auth:21.1.0] AndroidManifest.xml:65:13-84
meta-data#com.google.firebase.components:com.google.firebase.auth.FirebaseAuthRegistrar
ADDED from [com.google.firebase:firebase-auth:21.1.0] AndroidManifest.xml:67:13-69:85
	android:value
		ADDED from [com.google.firebase:firebase-auth:21.1.0] AndroidManifest.xml:69:17-82
	android:name
		ADDED from [com.google.firebase:firebase-auth:21.1.0] AndroidManifest.xml:68:17-109
meta-data#com.google.firebase.components:com.google.firebase.database.DatabaseRegistrar